c:\users\apetroaie claudiu\desktop\gameloft\first\proiect_2015\newtrainingframework_2015\utilities\debug-nvidia\utilities.pch
c:\users\apetroaie claudiu\desktop\gameloft\first\proiect_2015\newtrainingframework_2015\utilities\debug-nvidia\utilities.pdb
c:\users\apetroaie claudiu\desktop\gameloft\first\proiect_2015\newtrainingframework_2015\utilities\debug-nvidia\utilities.idb
c:\users\apetroaie claudiu\desktop\gameloft\first\proiect_2015\newtrainingframework_2015\utilities\debug-nvidia\stdafx.obj
c:\users\apetroaie claudiu\desktop\gameloft\first\proiect_2015\newtrainingframework_2015\utilities\debug-nvidia\esshader.obj
c:\users\apetroaie claudiu\desktop\gameloft\first\proiect_2015\newtrainingframework_2015\utilities\debug-nvidia\esutil.obj
c:\users\apetroaie claudiu\desktop\gameloft\first\proiect_2015\newtrainingframework_2015\utilities\debug-nvidia\esutil_win.obj
c:\users\apetroaie claudiu\desktop\gameloft\first\proiect_2015\newtrainingframework_2015\utilities\debug-nvidia\math.obj
c:\users\apetroaie claudiu\desktop\gameloft\first\proiect_2015\newtrainingframework_2015\utilities\debug-nvidia\tga.obj
d:\projects\gameloft\utilities\debug-nvidia\utilities.pch
d:\projects\gameloft\utilities\debug-nvidia\utilities.pdb
d:\projects\gameloft\utilities\debug-nvidia\utilities.idb
d:\projects\gameloft\utilities\debug-nvidia\stdafx.obj
d:\projects\gameloft\utilities\debug-nvidia\esshader.obj
d:\projects\gameloft\utilities\debug-nvidia\esutil.obj
d:\projects\gameloft\utilities\debug-nvidia\esutil_win.obj
d:\projects\gameloft\utilities\debug-nvidia\math.obj
d:\projects\gameloft\utilities\debug-nvidia\tga.obj
c:\users\apetroaie claudiu\desktop\gameloft\first\proiect_2015\newtrainingframework_2015\bin-nvidia\utilities.lib
d:\projects\gameloft\bin-nvidia\utilities.lib
d:\projects\gameloft\\bin-nvidia\utilities.lib
d:\projects\gameloft\utilities\debug-nvidia\utilities.tlog\cl.command.1.tlog
d:\projects\gameloft\utilities\debug-nvidia\utilities.tlog\cl.read.1.tlog
d:\projects\gameloft\utilities\debug-nvidia\utilities.tlog\cl.write.1.tlog
d:\projects\gameloft\utilities\debug-nvidia\utilities.tlog\lib-link.read.1.tlog
d:\projects\gameloft\utilities\debug-nvidia\utilities.tlog\lib-link.write.1.tlog
d:\projects\gameloft\utilities\debug-nvidia\utilities.tlog\lib.command.1.tlog
