c:\users\apetroaie claudiu\desktop\gameloft\first\proiect_2015\newtrainingframework_2015\newtrainingframework\debug-nvidia\newtrainingframework.pch
c:\users\apetroaie claudiu\desktop\gameloft\first\proiect_2015\newtrainingframework_2015\newtrainingframework\debug-nvidia\vc141.pdb
c:\users\apetroaie claudiu\desktop\gameloft\first\proiect_2015\newtrainingframework_2015\newtrainingframework\debug-nvidia\vc141.idb
c:\users\apetroaie claudiu\desktop\gameloft\first\proiect_2015\newtrainingframework_2015\newtrainingframework\debug-nvidia\stdafx.obj
c:\users\apetroaie claudiu\desktop\gameloft\first\proiect_2015\newtrainingframework_2015\newtrainingframework\debug-nvidia\shaders.obj
c:\users\apetroaie claudiu\desktop\gameloft\first\proiect_2015\newtrainingframework_2015\newtrainingframework\debug-nvidia\newtrainingframework.obj
d:\projects\gameloft\newtrainingframework\debug-nvidia\newtrainingframework.pch
d:\projects\gameloft\newtrainingframework\debug-nvidia\vc141.pdb
d:\projects\gameloft\newtrainingframework\debug-nvidia\vc141.idb
d:\projects\gameloft\newtrainingframework\debug-nvidia\stdafx.obj
d:\projects\gameloft\newtrainingframework\debug-nvidia\newtrainingframework.obj
d:\projects\gameloft\newtrainingframework\debug-nvidia\shaders.obj
c:\users\apetroaie claudiu\desktop\gameloft\first\proiect_2015\newtrainingframework_2015\bin-nvidia\newtrainingframework.exe
c:\users\apetroaie claudiu\desktop\gameloft\first\proiect_2015\newtrainingframework_2015\bin-nvidia\newtrainingframework.ilk
c:\users\apetroaie claudiu\desktop\gameloft\first\proiect_2015\newtrainingframework_2015\bin-nvidia\newtrainingframework.pdb
c:\users\apetroaie claudiu\desktop\gameloft\first\proiect_2015\newtrainingframework_2015\bin-nvidia\newtrainingframework.ipdb
c:\users\apetroaie claudiu\desktop\gameloft\first\proiect_2015\newtrainingframework_2015\bin-nvidia\newtrainingframework.iobj
d:\projects\gameloft\bin-nvidia\newtrainingframework.ipdb
d:\projects\gameloft\bin-nvidia\newtrainingframework.iobj
d:\projects\gameloft\\bin-nvidia\newtrainingframework.pdb
d:\projects\gameloft\newtrainingframework\debug-nvidia\newtrain.fc024ec8.tlog\cl.command.1.tlog
d:\projects\gameloft\newtrainingframework\debug-nvidia\newtrain.fc024ec8.tlog\cl.read.1.tlog
d:\projects\gameloft\newtrainingframework\debug-nvidia\newtrain.fc024ec8.tlog\cl.write.1.tlog
d:\projects\gameloft\newtrainingframework\debug-nvidia\newtrain.fc024ec8.tlog\link-cvtres.read.1.tlog
d:\projects\gameloft\newtrainingframework\debug-nvidia\newtrain.fc024ec8.tlog\link-cvtres.write.1.tlog
d:\projects\gameloft\newtrainingframework\debug-nvidia\newtrain.fc024ec8.tlog\link-rc.read.1.tlog
d:\projects\gameloft\newtrainingframework\debug-nvidia\newtrain.fc024ec8.tlog\link-rc.write.1.tlog
d:\projects\gameloft\newtrainingframework\debug-nvidia\newtrain.fc024ec8.tlog\link.1420-cvtres.read.1.tlog
d:\projects\gameloft\newtrainingframework\debug-nvidia\newtrain.fc024ec8.tlog\link.1420-cvtres.write.1.tlog
d:\projects\gameloft\newtrainingframework\debug-nvidia\newtrain.fc024ec8.tlog\link.1420-rc.read.1.tlog
d:\projects\gameloft\newtrainingframework\debug-nvidia\newtrain.fc024ec8.tlog\link.1420-rc.write.1.tlog
d:\projects\gameloft\newtrainingframework\debug-nvidia\newtrain.fc024ec8.tlog\link.1420.read.1.tlog
d:\projects\gameloft\newtrainingframework\debug-nvidia\newtrain.fc024ec8.tlog\link.1420.write.1.tlog
d:\projects\gameloft\newtrainingframework\debug-nvidia\newtrain.fc024ec8.tlog\link.command.1.tlog
d:\projects\gameloft\newtrainingframework\debug-nvidia\newtrain.fc024ec8.tlog\link.read.1.tlog
d:\projects\gameloft\newtrainingframework\debug-nvidia\newtrain.fc024ec8.tlog\link.write.1.tlog
d:\projects\gameloft\newtrainingframework\debug-nvidia\newtrain.fc024ec8.tlog\newtrainingframework.write.1u.tlog
